<?xml version="1.0" encoding="UTF-8"?>
<!-- Generated by org.testng.reporters.JUnitReportReporter -->
<testsuite hostname="DESKTOP-M8MOPJL" failures="0" tests="3" name="TestNg_New.TestCase2" time="0.410" errors="0" timestamp="2023-09-27T17:41:19 IST" skipped="0">
  <testcase classname="TestNg_New.TestCase2" name="test4" time="0.002"/>
  <system-out/>
  <testcase classname="TestNg_New.TestCase2" name="test5" time="0.004"/>
  <system-out/>
  <testcase classname="TestNg_New.TestCase2" name="test3" time="0.404"/>
  <system-out/>
</testsuite> <!-- TestNg_New.TestCase2 -->
