<?xml version="1.0" encoding="UTF-8"?>
<!-- Generated by org.testng.reporters.JUnitReportReporter -->
<testsuite hostname="DESKTOP-M8MOPJL" failures="0" tests="4" name="TestNG.Priyority$LoginTest" time="0.025" errors="0" timestamp="2023-10-06T19:28:22 IST" skipped="0">
  <testcase classname="TestNG.Priyority$LoginTest" name="LoginTest1" time="0.018"/>
  <system-out/>
  <testcase classname="TestNG.Priyority$LoginTest" name="LogoutTest4" time="0.002"/>
  <system-out/>
  <testcase classname="TestNG.Priyority$LoginTest" name="LogoutTest2" time="0.002"/>
  <system-out/>
  <testcase classname="TestNG.Priyority$LoginTest" name="LogoutTest3" time="0.003"/>
  <system-out/>
</testsuite> <!-- TestNG.Priyority$LoginTest -->
